<?xml version="1.0" encoding="UTF-8"?>
<!-- Generated by org.testng.reporters.JUnitReportReporter -->
<testsuite skipped="0" hostname="MacBook-Pro-de-Synapsys.local" name="sn.orange.sonatel.pole.digital.testcase.ConciergerieTestCase" tests="6" failures="0" timestamp="27 juin 2019 07:53:30 GMT" time="57.351" errors="0">
  <testcase name="choisirCategorie" time="9.757" classname="sn.orange.sonatel.pole.digital.testcase.ConciergerieTestCase"/>
  <testcase name="ajouterPrestataire" time="14.090" classname="sn.orange.sonatel.pole.digital.testcase.ConciergerieTestCase"/>
  <testcase name="seDeconnecter" time="7.330" classname="sn.orange.sonatel.pole.digital.testcase.ConciergerieTestCase"/>
  <testcase name="accueil" time="7.034" classname="sn.orange.sonatel.pole.digital.testcase.ConciergerieTestCase"/>
  <testcase name="supprimerPrestataire" time="14.316" classname="sn.orange.sonatel.pole.digital.testcase.ConciergerieTestCase"/>
  <testcase name="authentification" time="4.824" classname="sn.orange.sonatel.pole.digital.testcase.ConciergerieTestCase"/>
</testsuite> <!-- sn.orange.sonatel.pole.digital.testcase.ConciergerieTestCase -->
