<?xml version="1.0" encoding="UTF-8"?>
<!-- Generated by org.testng.reporters.JUnitReportReporter -->
<testsuite skipped="0" hostname="MacBook-Pro-de-Synapsys.local" name="sn.orange.sonatel.pole.digital.testcase.FibreB2BTelEligibleTestCase" tests="4" failures="0" timestamp="30 janv. 2020 16:15:35 GMT" time="34.332" errors="0">
  <testcase name="souscription" time="15.120" classname="sn.orange.sonatel.pole.digital.testcase.FibreB2BTelEligibleTestCase"/>
  <testcase name="redirection" time="2.010" classname="sn.orange.sonatel.pole.digital.testcase.FibreB2BTelEligibleTestCase"/>
  <testcase name="accueil" time="4.023" classname="sn.orange.sonatel.pole.digital.testcase.FibreB2BTelEligibleTestCase"/>
  <testcase name="testEligibiliteParTelephone" time="13.179" classname="sn.orange.sonatel.pole.digital.testcase.FibreB2BTelEligibleTestCase"/>
</testsuite> <!-- sn.orange.sonatel.pole.digital.testcase.FibreB2BTelEligibleTestCase -->
