<?xml version="1.0" encoding="UTF-8"?>
<!-- Generated by org.testng.reporters.JUnitReportReporter -->
<testsuite skipped="0" hostname="MacBook-Pro-de-Synapsys.local" name="sn.orange.sonatel.pole.digital.testcase.EshopTestCaseBonDachat" tests="6" failures="0" timestamp="13 juin 2019 11:55:17 GMT" time="90.949" errors="0">
  <testcase name="Recapitulatif" time="10.034" classname="sn.orange.sonatel.pole.digital.testcase.EshopTestCaseBonDachat"/>
  <testcase name="ajouterProduits" time="39.097" classname="sn.orange.sonatel.pole.digital.testcase.EshopTestCaseBonDachat"/>
  <testcase name="accueil" time="10.039" classname="sn.orange.sonatel.pole.digital.testcase.EshopTestCaseBonDachat"/>
  <testcase name="validerPanier" time="6.103" classname="sn.orange.sonatel.pole.digital.testcase.EshopTestCaseBonDachat"/>
  <testcase name="authentication" time="12.595" classname="sn.orange.sonatel.pole.digital.testcase.EshopTestCaseBonDachat"/>
  <testcase name="livraison" time="13.081" classname="sn.orange.sonatel.pole.digital.testcase.EshopTestCaseBonDachat"/>
</testsuite> <!-- sn.orange.sonatel.pole.digital.testcase.EshopTestCaseBonDachat -->
