<?xml version="1.0" encoding="UTF-8"?>
<!-- Generated by org.testng.reporters.JUnitReportReporter -->
<testsuite skipped="0" hostname="MacBook-Pro-de-Synapsys.local" name="sn.orange.sonatel.pole.digital.testcase.FibreNumeroCentralTestCase" tests="2" failures="0" timestamp="30 janv. 2020 12:56:22 GMT" time="18.205" errors="0">
  <testcase name="testEligibiliteParTelephone" time="13.179" classname="sn.orange.sonatel.pole.digital.testcase.FibreNumeroCentralTestCase"/>
  <testcase name="accueil" time="5.026" classname="sn.orange.sonatel.pole.digital.testcase.FibreNumeroCentralTestCase"/>
</testsuite> <!-- sn.orange.sonatel.pole.digital.testcase.FibreNumeroCentralTestCase -->
